<?xml version="1.0" encoding="UTF-8"?>
<!-- Generated by org.testng.reporters.JUnitReportReporter -->
<testsuite hostname="DESKTOP-HD68AS2" failures="0" tests="1" name="Food.Swiggy_Test" time="4.795" errors="0" timestamp="2024-04-20T08:20:50 IST" skipped="0">
  <testcase classname="Food.Swiggy_Test" name="swiggyweb" time="4.795"/>
</testsuite> <!-- Food.Swiggy_Test -->
