<?xml version="1.0" encoding="UTF-8"?>
<!-- Generated by org.testng.reporters.JUnitReportReporter -->
<testsuite hostname="DESKTOP-HD68AS2" failures="0" tests="1" name="ecommerce.Amazon_Test" time="4.642" errors="0" timestamp="2024-04-20T08:19:27 IST" skipped="0">
  <testcase classname="ecommerce.Amazon_Test" name="amazon" time="4.642"/>
</testsuite> <!-- ecommerce.Amazon_Test -->
