<?xml version="1.0" encoding="UTF-8"?>
<!-- Generated by org.testng.reporters.JUnitReportReporter -->
<testsuite hostname="DESKTOP-HD68AS2" failures="0" tests="1" name="Beauty.Mac_Test" time="3.575" errors="0" timestamp="2024-04-20T08:02:57 IST" skipped="0">
  <testcase classname="Beauty.Mac_Test" name="macweb" time="3.575"/>
  <system-out>
    <![CDATA[Browser launched]]>
  </system-out>
</testsuite> <!-- Beauty.Mac_Test -->
