<?xml version="1.0" encoding="UTF-8"?>
<!-- Generated by org.testng.reporters.JUnitReportReporter -->
<testsuite hostname="DESKTOP-HD68AS2" failures="0" tests="1" name="Food.Zomato_Test" time="4.335" errors="0" timestamp="2024-04-20T08:20:50 IST" skipped="0">
  <testcase classname="Food.Zomato_Test" name="zomatoweb" time="4.335"/>
</testsuite> <!-- Food.Zomato_Test -->
