<?xml version="1.0" encoding="UTF-8"?>
<!-- Generated by org.testng.reporters.JUnitReportReporter -->
<testsuite hostname="DESKTOP-HD68AS2" failures="0" tests="1" name="ecommerce.Webshop_Test" time="4.470" errors="0" timestamp="2024-04-20T08:02:57 IST" skipped="0">
  <testcase classname="ecommerce.Webshop_Test" name="webshop" time="4.470">
    <system-out>
      <![CDATA[Browser launched]]>
    </system-out>
  </testcase> <!-- webshop -->
  <system-out>
    <![CDATA[Browser launched]]>
  </system-out>
</testsuite> <!-- ecommerce.Webshop_Test -->
